生成启动时间为 周二/5/22 23:11:37。
     1>项目“D:\win32Program\Projects\github_Win32Program\peTools\peTools\peTools.vcxproj”在节点 2 上(build 个目标)。
     1>InitializeBuildStatus:
         正在创建“Debug\peTools.unsuccessfulbuild”，因为已指定“AlwaysCreate”。
       ClCompile:
         D:\Program Files (x86)\Microsoft Visual Studio 10.0\VC\bin\CL.exe /c /ZI /nologo /W3 /WX- /Od /Oy- /D _UNICODE /D UNICODE /Gm /EHsc /RTC1 /MDd /GS /fp:precise /Zc:wchar_t /Zc:forScope /Fo"Debug\\" /Fd"Debug\vc100.pdb" /Gd /TP /analyze- /errorReport:prompt main.cpp
         main.cpp
     1>d:\win32program\projects\github_win32program\petools\petools\main.cpp(215): warning C4996: 'swprintf': swprintf has been changed to conform with the ISO C standard, adding an extra character count parameter. To use traditional Microsoft swprintf, set _CRT_NON_CONFORMING_SWPRINTFS.
                 d:\program files (x86)\microsoft visual studio 10.0\vc\include\swprintf.inl(85) : 参见“swprintf”的声明
     1>d:\win32program\projects\github_win32program\petools\petools\main.cpp(225): warning C4996: 'swprintf': swprintf has been changed to conform with the ISO C standard, adding an extra character count parameter. To use traditional Microsoft swprintf, set _CRT_NON_CONFORMING_SWPRINTFS.
                 d:\program files (x86)\microsoft visual studio 10.0\vc\include\swprintf.inl(85) : 参见“swprintf”的声明
     1>d:\win32program\projects\github_win32program\petools\petools\main.cpp(235): warning C4996: 'swprintf': swprintf has been changed to conform with the ISO C standard, adding an extra character count parameter. To use traditional Microsoft swprintf, set _CRT_NON_CONFORMING_SWPRINTFS.
                 d:\program files (x86)\microsoft visual studio 10.0\vc\include\swprintf.inl(85) : 参见“swprintf”的声明
     1>d:\win32program\projects\github_win32program\petools\petools\main.cpp(245): warning C4996: 'swprintf': swprintf has been changed to conform with the ISO C standard, adding an extra character count parameter. To use traditional Microsoft swprintf, set _CRT_NON_CONFORMING_SWPRINTFS.
                 d:\program files (x86)\microsoft visual studio 10.0\vc\include\swprintf.inl(85) : 参见“swprintf”的声明
     1>d:\win32program\projects\github_win32program\petools\petools\main.cpp(205): warning C4101: “iItem”: 未引用的局部变量
     1>d:\win32program\projects\github_win32program\petools\petools\main.cpp(205): warning C4101: “iSubItem”: 未引用的局部变量
       ResourceCompile:
         所有输出均为最新。
       Link:
         D:\Program Files (x86)\Microsoft Visual Studio 10.0\VC\bin\link.exe /ERRORREPORT:PROMPT /OUT:"D:\win32Program\Projects\github_Win32Program\peTools\Debug\peTools.exe" /NOLOGO Shlwapi.lib kernel32.lib user32.lib gdi32.lib winspool.lib comdlg32.lib advapi32.lib shell32.lib ole32.lib oleaut32.lib uuid.lib odbc32.lib odbccp32.lib /MANIFEST /ManifestFile:"Debug\peTools.exe.intermediate.manifest" /MANIFESTUAC:"level='asInvoker' uiAccess='false'" /DEBUG /PDB:"D:\win32Program\Projects\github_Win32Program\peTools\Debug\peTools.pdb" /TLBID:1 /DYNAMICBASE /NXCOMPAT /IMPLIB:"D:\win32Program\Projects\github_Win32Program\peTools\Debug\peTools.lib" /MACHINE:X86 Debug\peTools.res
         Debug\debugTool.obj
         Debug\main.obj
         LINK : 没有找到 D:\win32Program\Projects\github_Win32Program\peTools\Debug\peTools.exe 或上一个增量链接没有生成它；正在执行完全链接
         peTools.vcxproj -> D:\win32Program\Projects\github_Win32Program\peTools\Debug\peTools.exe
       Manifest:
         C:\Program Files (x86)\Microsoft SDKs\Windows\v7.0A\bin\mt.exe /nologo /verbose /outputresource:"D:\win32Program\Projects\github_Win32Program\peTools\Debug\peTools.exe;#1" /manifest Debug\peTools.exe.intermediate.manifest
       FinalizeBuildStatus:
         正在删除文件“Debug\peTools.unsuccessfulbuild”。
         正在对“Debug\peTools.lastbuildstate”执行 Touch 任务。
     1>已完成生成项目“D:\win32Program\Projects\github_Win32Program\peTools\peTools\peTools.vcxproj”(build 个目标)的操作。

生成成功。

已用时间 00:00:01.32
