D:\WIN32PROGRAM\PROJECTS\GITHUB_WIN32PROGRAM\PETOOLS\DEBUG\PETOOLS.EXE
D:\WIN32PROGRAM\PROJECTS\GITHUB_WIN32PROGRAM\PETOOLS\DEBUG\PETOOLS.ILK
D:\WIN32PROGRAM\PROJECTS\GITHUB_WIN32PROGRAM\PETOOLS\DEBUG\PETOOLS.PDB
D:\win32Program\Projects\github_Win32Program\peTools\peTools\Debug\cl.command.1.tlog
D:\win32Program\Projects\github_Win32Program\peTools\peTools\Debug\CL.read.1.tlog
D:\win32Program\Projects\github_Win32Program\peTools\peTools\Debug\CL.write.1.tlog
D:\WIN32PROGRAM\PROJECTS\GITHUB_WIN32PROGRAM\PETOOLS\PETOOLS\DEBUG\DEBUGTOOL.OBJ
D:\WIN32PROGRAM\PROJECTS\GITHUB_WIN32PROGRAM\PETOOLS\PETOOLS\DEBUG\FUNCTIONS.OBJ
D:\win32Program\Projects\github_Win32Program\peTools\peTools\Debug\link.command.1.tlog
D:\win32Program\Projects\github_Win32Program\peTools\peTools\Debug\link.read.1.tlog
D:\win32Program\Projects\github_Win32Program\peTools\peTools\Debug\link.write.1.tlog
D:\win32Program\Projects\github_Win32Program\peTools\peTools\Debug\link-cvtres.read.1.tlog
D:\win32Program\Projects\github_Win32Program\peTools\peTools\Debug\link-cvtres.write.1.tlog
D:\WIN32PROGRAM\PROJECTS\GITHUB_WIN32PROGRAM\PETOOLS\PETOOLS\DEBUG\MAIN.OBJ
D:\win32Program\Projects\github_Win32Program\peTools\peTools\Debug\mt.command.1.tlog
D:\win32Program\Projects\github_Win32Program\peTools\peTools\Debug\mt.read.1.tlog
D:\win32Program\Projects\github_Win32Program\peTools\peTools\Debug\mt.write.1.tlog
D:\WIN32PROGRAM\PROJECTS\GITHUB_WIN32PROGRAM\PETOOLS\PETOOLS\DEBUG\PETOOLS.EXE.INTERMEDIATE.MANIFEST
D:\WIN32PROGRAM\PROJECTS\GITHUB_WIN32PROGRAM\PETOOLS\PETOOLS\DEBUG\PETOOLS.RES
D:\win32Program\Projects\github_Win32Program\peTools\peTools\Debug\rc.command.1.tlog
D:\win32Program\Projects\github_Win32Program\peTools\peTools\Debug\rc.read.1.tlog
D:\win32Program\Projects\github_Win32Program\peTools\peTools\Debug\rc.write.1.tlog
D:\win32Program\Projects\github_Win32Program\peTools\peTools\Debug\vc100.idb
D:\WIN32PROGRAM\PROJECTS\GITHUB_WIN32PROGRAM\PETOOLS\PETOOLS\DEBUG\VC100.PDB
