d:\win32program\projects\github_win32program\algorithm_training\algorithm_training\debug\algorithm_training.pch
d:\win32program\projects\github_win32program\algorithm_training\algorithm_training\debug\vc141.pdb
d:\win32program\projects\github_win32program\algorithm_training\algorithm_training\debug\vc141.idb
d:\win32program\projects\github_win32program\algorithm_training\algorithm_training\debug\stdafx.obj
d:\win32program\projects\github_win32program\algorithm_training\algorithm_training\debug\test.obj
d:\win32program\projects\github_win32program\algorithm_training\algorithm_training\debug\algorithm_training.obj
e:\win32program\projects\github_win32program\algorithm_training\algorithm_training\debug\algorithm_training.pch
e:\win32program\projects\github_win32program\algorithm_training\algorithm_training\debug\vc141.pdb
e:\win32program\projects\github_win32program\algorithm_training\algorithm_training\debug\vc141.idb
e:\win32program\projects\github_win32program\algorithm_training\algorithm_training\debug\stdafx.obj
e:\win32program\projects\github_win32program\algorithm_training\algorithm_training\debug\test.obj
e:\win32program\projects\github_win32program\algorithm_training\algorithm_training\debug\algorithm_training.obj
d:\win32program\projects\github_win32program\algorithm_training\debug\algorithm_training.exe
d:\win32program\projects\github_win32program\algorithm_training\debug\algorithm_training.ilk
d:\win32program\projects\github_win32program\algorithm_training\debug\algorithm_training.pdb
e:\win32program\projects\github_win32program\algorithm_training\debug\algorithm_training.exe
e:\win32program\projects\github_win32program\algorithm_training\debug\algorithm_training.ilk
e:\win32program\projects\github_win32program\algorithm_training\debug\algorithm_training.pdb
e:\win32program\projects\github_win32program\algorithm_training\algorithm_training\debug\algorith.a7319847.tlog\cl.command.1.tlog
e:\win32program\projects\github_win32program\algorithm_training\algorithm_training\debug\algorith.a7319847.tlog\cl.read.1.tlog
e:\win32program\projects\github_win32program\algorithm_training\algorithm_training\debug\algorith.a7319847.tlog\cl.write.1.tlog
e:\win32program\projects\github_win32program\algorithm_training\algorithm_training\debug\algorith.a7319847.tlog\link.command.1.tlog
e:\win32program\projects\github_win32program\algorithm_training\algorithm_training\debug\algorith.a7319847.tlog\link.read.1.tlog
e:\win32program\projects\github_win32program\algorithm_training\algorithm_training\debug\algorith.a7319847.tlog\link.write.1.tlog
